Java version 13.0.1 - Windows 10 10.0, architecture: amd64-64(November 30, 2019 05:23:39 AM) [thread-main] [DEBUG] [engine.VoxelEngine:66] - Java: 13.0.1 in C:\Program Files (x86)\Java\jdk-13.0.1
(November 30, 2019 05:23:39 AM) [thread-main] [DEBUG] [engine.VoxelEngine:67] - Java VM: OpenJDK 64-Bit Server VM, version: 13.0.1+9
(November 30, 2019 05:23:39 AM) [thread-main] [DEBUG] [engine.VoxelEngine:68] - OS: Windows 10, arch: amd64, version: 10.0
(November 30, 2019 05:23:39 AM) [thread-main] [DEBUG] [engine.VoxelEngine:69] - Max. Memory: 8174 MiB
(November 30, 2019 05:23:39 AM) [thread-main] [DEBUG] [engine.VoxelEngine:70] - Processors: 12
(November 30, 2019 05:23:39 AM) [thread-main] [DEBUG] [engine.VoxelEngine:58] - Initialization completed in 0.01sec.
(November 30, 2019 05:23:39 AM) [thread-main] [INFO] [states.StateLoading:90] - Mapping asset paths...
(November 30, 2019 05:23:39 AM) [thread-main] [DEBUG] [asset.AssetMapper:67] - [core:air] found at path 'file:/S:/projects/VoxelFight/target/classes/modules/core/blocks/air.blk'
(November 30, 2019 05:23:39 AM) [thread-main] [DEBUG] [asset.AssetMapper:67] - [core:bed] found at path 'file:/S:/projects/VoxelFight/target/classes/modules/core/blocks/bed.blk'
(November 30, 2019 05:23:39 AM) [thread-main] [DEBUG] [asset.AssetMapper:67] - [core:cobble] found at path 'file:/S:/projects/VoxelFight/target/classes/modules/core/blocks/cobble.blk'
(November 30, 2019 05:23:39 AM) [thread-main] [DEBUG] [asset.AssetMapper:67] - [core:desk] found at path 'file:/S:/projects/VoxelFight/target/classes/modules/core/blocks/desk.blk'
(November 30, 2019 05:23:39 AM) [thread-main] [DEBUG] [asset.AssetMapper:67] - [core:dirt] found at path 'file:/S:/projects/VoxelFight/target/classes/modules/core/blocks/dirt.blk'
(November 30, 2019 05:23:39 AM) [thread-main] [DEBUG] [asset.AssetMapper:67] - [core:flower] found at path 'file:/S:/projects/VoxelFight/target/classes/modules/core/blocks/flower.blk'
(November 30, 2019 05:23:39 AM) [thread-main] [DEBUG] [asset.AssetMapper:67] - [core:glowstone] found at path 'file:/S:/projects/VoxelFight/target/classes/modules/core/blocks/glowstone.blk'
(November 30, 2019 05:23:39 AM) [thread-main] [DEBUG] [asset.AssetMapper:67] - [core:grass] found at path 'file:/S:/projects/VoxelFight/target/classes/modules/core/blocks/grass.blk'
(November 30, 2019 05:23:39 AM) [thread-main] [DEBUG] [asset.AssetMapper:67] - [core:table] found at path 'file:/S:/projects/VoxelFight/target/classes/modules/core/blocks/table.blk'
(November 30, 2019 05:23:39 AM) [thread-main] [DEBUG] [asset.AssetMapper:67] - [core:torch] found at path 'file:/S:/projects/VoxelFight/target/classes/modules/core/blocks/torch.blk'
(November 30, 2019 05:23:39 AM) [thread-main] [DEBUG] [asset.AssetMapper:67] - [other:air] found at path 'file:/S:/projects/VoxelFight/target/classes/modules/other/blocks/air.blk'
(November 30, 2019 05:23:39 AM) [thread-main] [DEBUG] [asset.AssetMapper:67] - [core:bold] found at path 'file:/S:/projects/VoxelFight/target/classes/modules/core/fonts/bold.ttf'
(November 30, 2019 05:23:39 AM) [thread-main] [DEBUG] [asset.AssetMapper:67] - [core:extrabold] found at path 'file:/S:/projects/VoxelFight/target/classes/modules/core/fonts/extrabold.ttf'
(November 30, 2019 05:23:39 AM) [thread-main] [DEBUG] [asset.AssetMapper:67] - [core:italic] found at path 'file:/S:/projects/VoxelFight/target/classes/modules/core/fonts/italic.ttf'
(November 30, 2019 05:23:39 AM) [thread-main] [DEBUG] [asset.AssetMapper:67] - [core:light] found at path 'file:/S:/projects/VoxelFight/target/classes/modules/core/fonts/light.ttf'
(November 30, 2019 05:23:39 AM) [thread-main] [DEBUG] [asset.AssetMapper:67] - [core:regular] found at path 'file:/S:/projects/VoxelFight/target/classes/modules/core/fonts/regular.ttf'
(November 30, 2019 05:23:39 AM) [thread-main] [DEBUG] [asset.AssetMapper:67] - [core:semibold] found at path 'file:/S:/projects/VoxelFight/target/classes/modules/core/fonts/semibold.ttf'
(November 30, 2019 05:23:39 AM) [thread-main] [DEBUG] [asset.AssetMapper:67] - [other:bold] found at path 'file:/S:/projects/VoxelFight/target/classes/modules/other/fonts/bold.ttf'
(November 30, 2019 05:23:39 AM) [thread-main] [DEBUG] [asset.AssetMapper:67] - [other:extrabold] found at path 'file:/S:/projects/VoxelFight/target/classes/modules/other/fonts/extrabold.ttf'
(November 30, 2019 05:23:39 AM) [thread-main] [DEBUG] [asset.AssetMapper:67] - [other:italic] found at path 'file:/S:/projects/VoxelFight/target/classes/modules/other/fonts/italic.ttf'
(November 30, 2019 05:23:39 AM) [thread-main] [DEBUG] [asset.AssetMapper:67] - [other:light] found at path 'file:/S:/projects/VoxelFight/target/classes/modules/other/fonts/light.ttf'
(November 30, 2019 05:23:39 AM) [thread-main] [DEBUG] [asset.AssetMapper:67] - [other:regular] found at path 'file:/S:/projects/VoxelFight/target/classes/modules/other/fonts/regular.ttf'
(November 30, 2019 05:23:39 AM) [thread-main] [DEBUG] [asset.AssetMapper:67] - [other:semibold] found at path 'file:/S:/projects/VoxelFight/target/classes/modules/other/fonts/semibold.ttf'
(November 30, 2019 05:23:40 AM) [thread-main] [DEBUG] [asset.AssetMapper:67] - [core:atlas] found at path 'file:/S:/projects/VoxelFight/target/classes/modules/core/textures/atlas.png'
(November 30, 2019 05:23:40 AM) [thread-main] [DEBUG] [asset.AssetMapper:67] - [core:crosshair] found at path 'file:/S:/projects/VoxelFight/target/classes/modules/core/textures/crosshair.png'
(November 30, 2019 05:23:40 AM) [thread-main] [DEBUG] [asset.AssetMapper:67] - [other:atlas] found at path 'file:/S:/projects/VoxelFight/target/classes/modules/other/textures/atlas.png'
(November 30, 2019 05:23:40 AM) [thread-main] [DEBUG] [asset.AssetMapper:67] - [other:crosshair] found at path 'file:/S:/projects/VoxelFight/target/classes/modules/other/textures/crosshair.png'
(November 30, 2019 05:23:40 AM) [thread-main] [INFO] [asset.AssetMapper:53] - 2 total modules found: [core, other]
(November 30, 2019 05:23:40 AM) [thread-main] [INFO] [states.StateLoading:90] - Creating modules...
(November 30, 2019 05:23:40 AM) [thread-main] [DEBUG] [registration.LoadModulesProcess:68] - [core:bed, S:\projects\VoxelFight\target\classes\modules\core\blocks\bed.blk] new BlockAsset added to module 'core'
(November 30, 2019 05:23:40 AM) [thread-main] [DEBUG] [registration.LoadModulesProcess:68] - [core:torch, S:\projects\VoxelFight\target\classes\modules\core\blocks\torch.blk] new BlockAsset added to module 'core'
(November 30, 2019 05:23:40 AM) [thread-main] [DEBUG] [registration.LoadModulesProcess:68] - [core:table, S:\projects\VoxelFight\target\classes\modules\core\blocks\table.blk] new BlockAsset added to module 'core'
(November 30, 2019 05:23:40 AM) [thread-main] [DEBUG] [registration.LoadModulesProcess:68] - [other:air, S:\projects\VoxelFight\target\classes\modules\other\blocks\air.blk] new BlockAsset added to module 'core'
(November 30, 2019 05:23:40 AM) [thread-main] [DEBUG] [registration.LoadModulesProcess:68] - [core:desk, S:\projects\VoxelFight\target\classes\modules\core\blocks\desk.blk] new BlockAsset added to module 'core'
(November 30, 2019 05:23:40 AM) [thread-main] [DEBUG] [registration.LoadModulesProcess:68] - [core:dirt, S:\projects\VoxelFight\target\classes\modules\core\blocks\dirt.blk] new BlockAsset added to module 'core'
(November 30, 2019 05:23:40 AM) [thread-main] [DEBUG] [registration.LoadModulesProcess:68] - [core:air, S:\projects\VoxelFight\target\classes\modules\core\blocks\air.blk] new BlockAsset added to module 'core'
(November 30, 2019 05:23:40 AM) [thread-main] [DEBUG] [registration.LoadModulesProcess:68] - [core:flower, S:\projects\VoxelFight\target\classes\modules\core\blocks\flower.blk] new BlockAsset added to module 'core'
(November 30, 2019 05:23:40 AM) [thread-main] [DEBUG] [registration.LoadModulesProcess:68] - [core:grass, S:\projects\VoxelFight\target\classes\modules\core\blocks\grass.blk] new BlockAsset added to module 'core'
(November 30, 2019 05:23:40 AM) [thread-main] [DEBUG] [registration.LoadModulesProcess:68] - [core:glowstone, S:\projects\VoxelFight\target\classes\modules\core\blocks\glowstone.blk] new BlockAsset added to module 'core'
(November 30, 2019 05:23:40 AM) [thread-main] [DEBUG] [registration.LoadModulesProcess:68] - [core:cobble, S:\projects\VoxelFight\target\classes\modules\core\blocks\cobble.blk] new BlockAsset added to module 'core'
(November 30, 2019 05:23:40 AM) [thread-main] [DEBUG] [registration.LoadModulesProcess:72] - [other:crosshair, S:\projects\VoxelFight\target\classes\modules\other\textures\crosshair.png] new TextureAsset added to module 'core'
(November 30, 2019 05:23:40 AM) [thread-main] [DEBUG] [registration.LoadModulesProcess:72] - [other:atlas, S:\projects\VoxelFight\target\classes\modules\other\textures\atlas.png] new TextureAsset added to module 'core'
(November 30, 2019 05:23:40 AM) [thread-main] [DEBUG] [registration.LoadModulesProcess:72] - [core:crosshair, S:\projects\VoxelFight\target\classes\modules\core\textures\crosshair.png] new TextureAsset added to module 'core'
(November 30, 2019 05:23:40 AM) [thread-main] [DEBUG] [registration.LoadModulesProcess:72] - [core:atlas, S:\projects\VoxelFight\target\classes\modules\core\textures\atlas.png] new TextureAsset added to module 'core'
(November 30, 2019 05:23:40 AM) [thread-main] [DEBUG] [registration.LoadModulesProcess:68] - [core:bed, S:\projects\VoxelFight\target\classes\modules\core\blocks\bed.blk] new BlockAsset added to module 'other'
(November 30, 2019 05:23:40 AM) [thread-main] [DEBUG] [registration.LoadModulesProcess:68] - [core:torch, S:\projects\VoxelFight\target\classes\modules\core\blocks\torch.blk] new BlockAsset added to module 'other'
(November 30, 2019 05:23:40 AM) [thread-main] [DEBUG] [registration.LoadModulesProcess:68] - [core:table, S:\projects\VoxelFight\target\classes\modules\core\blocks\table.blk] new BlockAsset added to module 'other'
(November 30, 2019 05:23:40 AM) [thread-main] [DEBUG] [registration.LoadModulesProcess:68] - [other:air, S:\projects\VoxelFight\target\classes\modules\other\blocks\air.blk] new BlockAsset added to module 'other'
(November 30, 2019 05:23:40 AM) [thread-main] [DEBUG] [registration.LoadModulesProcess:68] - [core:desk, S:\projects\VoxelFight\target\classes\modules\core\blocks\desk.blk] new BlockAsset added to module 'other'
(November 30, 2019 05:23:40 AM) [thread-main] [DEBUG] [registration.LoadModulesProcess:68] - [core:dirt, S:\projects\VoxelFight\target\classes\modules\core\blocks\dirt.blk] new BlockAsset added to module 'other'
(November 30, 2019 05:23:40 AM) [thread-main] [DEBUG] [registration.LoadModulesProcess:68] - [core:air, S:\projects\VoxelFight\target\classes\modules\core\blocks\air.blk] new BlockAsset added to module 'other'
(November 30, 2019 05:23:40 AM) [thread-main] [DEBUG] [registration.LoadModulesProcess:68] - [core:flower, S:\projects\VoxelFight\target\classes\modules\core\blocks\flower.blk] new BlockAsset added to module 'other'
(November 30, 2019 05:23:40 AM) [thread-main] [DEBUG] [registration.LoadModulesProcess:68] - [core:grass, S:\projects\VoxelFight\target\classes\modules\core\blocks\grass.blk] new BlockAsset added to module 'other'
(November 30, 2019 05:23:40 AM) [thread-main] [DEBUG] [registration.LoadModulesProcess:68] - [core:glowstone, S:\projects\VoxelFight\target\classes\modules\core\blocks\glowstone.blk] new BlockAsset added to module 'other'
(November 30, 2019 05:23:40 AM) [thread-main] [DEBUG] [registration.LoadModulesProcess:68] - [core:cobble, S:\projects\VoxelFight\target\classes\modules\core\blocks\cobble.blk] new BlockAsset added to module 'other'
(November 30, 2019 05:23:40 AM) [thread-main] [DEBUG] [registration.LoadModulesProcess:72] - [other:crosshair, S:\projects\VoxelFight\target\classes\modules\other\textures\crosshair.png] new TextureAsset added to module 'other'
(November 30, 2019 05:23:40 AM) [thread-main] [DEBUG] [registration.LoadModulesProcess:72] - [other:atlas, S:\projects\VoxelFight\target\classes\modules\other\textures\atlas.png] new TextureAsset added to module 'other'
(November 30, 2019 05:23:40 AM) [thread-main] [DEBUG] [registration.LoadModulesProcess:72] - [core:crosshair, S:\projects\VoxelFight\target\classes\modules\core\textures\crosshair.png] new TextureAsset added to module 'other'
(November 30, 2019 05:23:40 AM) [thread-main] [DEBUG] [registration.LoadModulesProcess:72] - [core:atlas, S:\projects\VoxelFight\target\classes\modules\core\textures\atlas.png] new TextureAsset added to module 'other'
(November 30, 2019 05:23:40 AM) [thread-main] [INFO] [states.StateLoading:90] - Registering Blocks...
(November 30, 2019 05:23:40 AM) [thread-main] [DEBUG] [registration.RegisterBlocksProcess:42] - found 22 total BlockAsset's in 2 total modules
